Vivado Simulator v2025.2
Copyright 1986-2022 Xilinx, Inc. All Rights Reserved.
Copyright 2022-2025 Advanced Micro Devices, Inc. All Rights Reserved.
Running: C:/AMDDesignTools/2025.2/Vivado/bin/unwrapped/win64.o/xelab.exe --incr --debug typical --relax --mt 2 -L xil_defaultlib -L secureip --snapshot tb_datapath_soma_behav xil_defaultlib.tb_datapath_soma -log elaborate.log 
Using 2 slave threads.
Starting static elaboration
Completed static elaboration
Starting simulation data flow analysis
Completed simulation data flow analysis
Time Resolution for simulation is 1ps
Compiling package std.standard
Compiling package std.textio
Compiling package ieee.std_logic_1164
Compiling package ieee.numeric_std
Compiling package ieee.std_logic_arith
Compiling package ieee.std_logic_unsigned
Compiling architecture behavioral of entity xil_defaultlib.somador_PC_4 [somador_pc_4_default]
Compiling architecture behavioral of entity xil_defaultlib.ula [ula_default]
Compiling architecture behavioral of entity xil_defaultlib.Reg_file [reg_file_default]
Compiling architecture behavioral of entity xil_defaultlib.Mux_MEM [mux_mem_default]
Compiling architecture behavioral of entity xil_defaultlib.Mux_Pc1 [mux_pc1_default]
Compiling architecture behavioral of entity xil_defaultlib.memoria [memoria_default]
Compiling architecture behavioral of entity xil_defaultlib.mux_data [mux_data_default]
Compiling architecture behavioral of entity xil_defaultlib.subtrator [subtrator_default]
Compiling architecture behavioral of entity xil_defaultlib.data_path [data_path_default]
Compiling architecture behavior of entity xil_defaultlib.tb_datapath_soma
Built simulation snapshot tb_datapath_soma_behav
